2023-08-02 16:36:54,922 [main] - Application Open
2023-08-02 16:37:27,094 [main] - Language Selected
2023-08-02 16:38:11,971 [main] - Login Button Selected
2023-08-02 16:38:12,473 [main] - Mobile number given
2023-08-02 16:38:22,922 [main] - Successfully Login
2023-08-02 16:38:29,094 [main] - Successfully Enter to team selection
2023-08-02 16:39:35,971 [main] - Team selection started
2023-08-02 16:40:07,473 [main] - Selection of Captain and ViceCaptain started
2023-08-02 16:41:07,473 [main] - team selected sucessfully
2023-08-02 17:39:29,094 [main] - Application Open
2023-08-02 17:41:05,610 [main] - Application Open
2023-08-02 17:47:12,171 [main] - Application Open
2023-08-02 17:48:42,145 [main] - Application Open
2023-08-02 17:49:37,666 [main] - Application Open
2023-08-02 17:51:09,716 [main] - Application Open
2023-08-02 17:55:06,361 [main] - Application Open
2023-08-02 18:08:28,669 [main] - Application Open
2023-08-02 18:21:26,765 [main] - Application Open
2023-08-02 18:24:10,133 [main] - Application Open
2023-08-02 18:25:18,460 [main] - Application Open
2023-08-02 18:25:47,645 [main] - Application Open
2023-08-02 18:27:42,254 [main] - Application Open
2023-08-02 18:28:49,677 [main] - Application Open
2023-08-02 18:30:13,095 [main] - Application Open
2023-08-02 18:30:13,156 [main] - Language----- Selected
2023-08-02 18:30:20,782 [main] - Language Selected
2023-08-02 18:30:22,669 [main] - Login Button Selected
2023-08-02 18:30:28,370 [main] - Mobile number given
2023-08-02 18:31:05,350 [main] - Application Open
2023-08-02 18:31:05,381 [main] - Language----- Selected
2023-08-02 18:31:12,960 [main] - Language Selected
2023-08-02 18:31:14,901 [main] - Login Button Selected
2023-08-02 18:31:20,306 [main] - Mobile number given
2023-08-02 18:31:30,127 [main] - Successfully Login
2023-08-02 20:49:15,094 [main] - Application Open
2023-08-02 20:49:15,187 [main] - Language----- Selected
2023-08-02 20:52:16,962 [main] - Application Open
2023-08-02 20:52:17,031 [main] - Language----- Selected
2023-08-02 20:52:22,431 [main] - Language Selected
2023-08-02 20:52:26,627 [main] - Login Button Selected
2023-08-02 20:52:28,269 [main] - Mobile number given
2023-08-02 20:52:39,289 [main] - Successfully Login
2023-08-02 20:53:50,002 [main] - Application Open
2023-08-02 20:53:50,086 [main] - Language----- Selected
2023-08-02 20:53:57,967 [main] - Language Selected
2023-08-02 20:54:00,079 [main] - Login Button Selected
2023-08-02 20:54:02,216 [main] - Mobile number given
2023-08-02 20:54:13,027 [main] - Successfully Login
2023-08-02 21:13:45,626 [main] - Application Open
2023-08-02 21:13:45,710 [main] - Language----- Selected
2023-08-02 21:13:51,506 [main] - Language Selected
2023-08-02 21:13:55,375 [main] - Login Button Selected
2023-08-02 21:13:55,936 [main] - Mobile number given
2023-08-02 21:14:02,424 [main] - Successfully Login
2023-08-02 21:15:53,492 [main] - Application Open
2023-08-02 21:15:53,604 [main] - Language----- Selected
2023-08-02 21:16:00,859 [main] - Language Selected
2023-08-02 21:16:02,436 [main] - Login Button Selected
2023-08-02 21:16:03,603 [main] - Mobile number given
2023-08-02 21:16:10,178 [main] - Successfully Login
2023-08-02 22:21:59,868 [main] - Application Open
2023-08-02 22:21:59,908 [main] - Language----- >Selected
2023-08-02 22:23:47,686 [main] - Application Open
2023-08-02 22:23:47,735 [main] - Language----- >Selected
2023-08-02 22:23:55,215 [main] - Language Selected
2023-08-02 22:23:58,015 [main] - Login Button Selected
2023-08-02 22:23:58,609 [main] - Mobile number given
2023-08-02 22:24:08,005 [main] - Successfully Login
2023-08-02 22:25:46,889 [main] - Successfully Enter to team selection
2023-08-02 22:26:19,618 [main] - Team selection started
2023-08-02 22:26:40,046 [main] -  Selection of Captain and ViceCaptain started
2023-08-02 22:28:37,455 [main] - Application Open
2023-08-02 22:28:37,532 [main] - Language----- >Selected
2023-08-02 22:28:45,497 [main] - Language Selected
2023-08-02 22:28:47,172 [main] - Login Button Selected
2023-08-02 22:28:48,560 [main] - Mobile number given
2023-08-02 22:29:00,142 [main] - Successfully Login
2023-08-02 22:30:30,080 [main] - Successfully Enter to team selection
2023-08-02 22:31:02,556 [main] - Team selection started
2023-08-02 22:31:23,720 [main] -  Selection of Captain and ViceCaptain started
2023-08-02 22:47:59,203 [main] - Application Open
2023-08-02 22:47:59,236 [main] - Language----- >Selected
2023-08-02 22:49:38,631 [main] - Application Open
2023-08-02 22:49:38,677 [main] - Language----- >Selected
2023-08-02 22:49:44,080 [main] - Language Selected
2023-08-02 22:49:46,936 [main] - Login Button Selected
2023-08-02 22:49:48,410 [main] - Mobile number given
2023-08-02 22:50:00,087 [main] - Successfully Login
2023-08-02 22:51:29,401 [main] - Successfully Enter to team selection
2023-08-02 22:52:01,476 [main] - Team selection started
2023-08-02 22:53:24,749 [main] - Application Open
2023-08-02 22:53:24,811 [main] - Language----- >Selected
2023-08-02 22:53:31,925 [main] - Language Selected
2023-08-02 22:53:35,224 [main] - Login Button Selected
2023-08-02 22:53:36,029 [main] - Mobile number given
2023-08-02 22:53:43,630 [main] - Successfully Login
2023-08-02 22:55:12,585 [main] - Successfully Enter to team selection
2023-08-02 22:55:50,511 [main] - Team selection started
2023-08-02 22:56:37,395 [main] - Application Open
2023-08-02 22:56:37,448 [main] - Language----- >Selected
2023-08-02 22:56:42,922 [main] - Language Selected
2023-08-02 22:56:48,056 [main] - Login Button Selected
2023-08-02 22:56:48,756 [main] - Mobile number given
2023-08-02 22:57:01,117 [main] - Successfully Login
2023-08-02 22:58:29,832 [main] - Successfully Enter to team selection
2023-08-02 22:59:02,415 [main] - Team selection started
